Thu Jan 31 20:55:31 2013: Bounds too large: 0, 1.95
Thu Jan 31 20:55:39 2013: Bounds too large: 0, 0.97
Thu Jan 31 20:55:43 2013: search successful, bounds 0, 0.48
Thu Jan 31 20:55:43 2013: extracted 71 springs, 71 total
Thu Jan 31 20:55:48 2013: Bounds too large: 0.49, 1000
Thu Jan 31 20:55:53 2013: Bounds too large: 0.49, 500.24
Thu Jan 31 20:55:58 2013: Bounds too large: 0.49, 250.36
Thu Jan 31 20:56:03 2013: Bounds too large: 0.49, 125.42
Thu Jan 31 20:56:08 2013: Bounds too large: 0.49, 62.95
Thu Jan 31 20:56:14 2013: Bounds too large: 0.49, 31.72
Thu Jan 31 20:56:20 2013: Bounds too large: 0.49, 16.1
Thu Jan 31 20:56:27 2013: Bounds too large: 0.49, 8.29
Thu Jan 31 20:56:34 2013: Bounds too large: 0.49, 4.38
Thu Jan 31 20:56:47 2013: Bounds too large: 0.49, 2.43
Thu Jan 31 20:56:52 2013: Bounds too large: 0.49, 1.46
Thu Jan 31 20:56:58 2013: Bounds too large: 0.49, 0.97
Thu Jan 31 20:57:04 2013: search successful, bounds 0.49, 0.73
Thu Jan 31 20:57:04 2013: extracted 83 springs, 154 total
Thu Jan 31 20:57:09 2013: Bounds too large: 0.74, 1000
Thu Jan 31 20:57:16 2013: Bounds too large: 0.74, 500.37
Thu Jan 31 20:57:22 2013: Bounds too large: 0.74, 250.55
Thu Jan 31 20:57:26 2013: Bounds too large: 0.74, 125.64
Thu Jan 31 20:57:32 2013: Bounds too large: 0.74, 63.19
Thu Jan 31 20:57:38 2013: Bounds too large: 0.74, 31.96
Thu Jan 31 20:57:43 2013: Bounds too large: 0.74, 16.35
Thu Jan 31 20:57:49 2013: Bounds too large: 0.74, 8.54
Thu Jan 31 20:57:56 2013: Bounds too large: 0.74, 4.63
Thu Jan 31 20:58:03 2013: Bounds too large: 0.74, 2.68
Thu Jan 31 20:58:11 2013: Bounds too large: 0.74, 1.71
Thu Jan 31 20:58:20 2013: Bounds too large: 0.74, 1.22
Thu Jan 31 20:58:27 2013: Bounds too large: 0.74, 0.98
Thu Jan 31 20:58:33 2013: search successful, bounds 0.74, 0.86
Thu Jan 31 20:58:33 2013: extracted 53 springs, 207 total
Thu Jan 31 20:58:39 2013: Bounds too large: 0.87, 1000
Thu Jan 31 20:58:43 2013: Bounds too large: 0.87, 500.43
Thu Jan 31 20:58:48 2013: Bounds too large: 0.87, 250.65
Thu Jan 31 20:58:53 2013: Bounds too large: 0.87, 125.76
Thu Jan 31 20:59:01 2013: Bounds too large: 0.87, 63.31
Thu Jan 31 20:59:06 2013: Bounds too large: 0.87, 32.09
Thu Jan 31 20:59:12 2013: Bounds too large: 0.87, 16.48
Thu Jan 31 20:59:18 2013: Bounds too large: 0.87, 8.67
Thu Jan 31 20:59:23 2013: Bounds too large: 0.87, 4.76
Thu Jan 31 20:59:28 2013: Bounds too large: 0.87, 2.81
Thu Jan 31 20:59:33 2013: Bounds too large: 0.87, 1.84
Thu Jan 31 20:59:37 2013: Bounds too large: 0.87, 1.35
Thu Jan 31 20:59:42 2013: Bounds too large: 0.87, 1.11
Thu Jan 31 20:59:48 2013: search successful, bounds 0.87, 0.99
Thu Jan 31 20:59:48 2013: extracted 56 springs, 263 total
Thu Jan 31 20:59:53 2013: Bounds too large: 1.0, 1000
Thu Jan 31 20:59:59 2013: Bounds too large: 1.0, 500.5
Thu Jan 31 21:00:05 2013: Bounds too large: 1.0, 250.75
Thu Jan 31 21:00:14 2013: Bounds too large: 1.0, 125.87
Thu Jan 31 21:00:19 2013: Bounds too large: 1.0, 63.43
Thu Jan 31 21:00:27 2013: Bounds too large: 1.0, 32.21
Thu Jan 31 21:00:33 2013: Bounds too large: 1.0, 16.6
Thu Jan 31 21:00:42 2013: Bounds too large: 1.0, 8.8
Thu Jan 31 21:00:47 2013: Bounds too large: 1.0, 4.9
Thu Jan 31 21:00:52 2013: Bounds too large: 1.0, 2.95
Thu Jan 31 21:00:59 2013: Bounds too large: 1.0, 1.97
Thu Jan 31 21:01:15 2013: Bounds too large: 1.0, 1.48
Thu Jan 31 21:01:19 2013: search successful, bounds 1.0, 1.24
Thu Jan 31 21:01:19 2013: extracted 96 springs, 359 total
Thu Jan 31 21:01:24 2013: Bounds too large: 1.25, 1000
Thu Jan 31 21:01:30 2013: Bounds too large: 1.25, 500.62
Thu Jan 31 21:01:37 2013: Bounds too large: 1.25, 250.93
Thu Jan 31 21:01:44 2013: Bounds too large: 1.25, 126.09
Thu Jan 31 21:01:51 2013: Bounds too large: 1.25, 63.67
Thu Jan 31 21:01:57 2013: Bounds too large: 1.25, 32.46
Thu Jan 31 21:02:03 2013: Bounds too large: 1.25, 16.85
Thu Jan 31 21:02:11 2013: Bounds too large: 1.25, 9.05
Thu Jan 31 21:02:17 2013: Bounds too large: 1.25, 5.15
Thu Jan 31 21:02:23 2013: Bounds too large: 1.25, 3.2
Thu Jan 31 21:02:30 2013: Bounds too large: 1.25, 2.22
Thu Jan 31 21:02:38 2013: Bounds too large: 1.25, 1.73
Thu Jan 31 21:02:51 2013: search successful, bounds 1.25, 1.49
Thu Jan 31 21:02:51 2013: extracted 75 springs, 434 total
Thu Jan 31 21:02:57 2013: Bounds too large: 1.5, 1000
Thu Jan 31 21:03:05 2013: Bounds too large: 1.5, 500.75
Thu Jan 31 21:03:11 2013: Bounds too large: 1.5, 251.12
Thu Jan 31 21:03:21 2013: Bounds too large: 1.5, 126.31
Thu Jan 31 21:03:28 2013: Bounds too large: 1.5, 63.9
Thu Jan 31 21:03:35 2013: Bounds too large: 1.5, 32.7
Thu Jan 31 21:03:41 2013: Bounds too large: 1.5, 17.1
Thu Jan 31 21:03:48 2013: Bounds too large: 1.5, 9.3
Thu Jan 31 21:03:54 2013: Bounds too large: 1.5, 5.4
Thu Jan 31 21:04:04 2013: Bounds too large: 1.5, 3.45
Thu Jan 31 21:04:10 2013: Bounds too large: 1.5, 2.47
Thu Jan 31 21:04:18 2013: Bounds too large: 1.5, 1.98
Thu Jan 31 21:04:23 2013: Bounds too large: 1.5, 1.74
Thu Jan 31 21:04:28 2013: search successful, bounds 1.5, 1.62
Thu Jan 31 21:04:28 2013: extracted 61 springs, 495 total
Thu Jan 31 21:04:34 2013: Bounds too large: 1.63, 1000
Thu Jan 31 21:04:41 2013: Bounds too large: 1.63, 500.81
Thu Jan 31 21:04:50 2013: Bounds too large: 1.63, 251.22
Thu Jan 31 21:04:58 2013: Bounds too large: 1.63, 126.42
Thu Jan 31 21:05:03 2013: Bounds too large: 1.63, 64.02
Thu Jan 31 21:05:13 2013: Bounds too large: 1.63, 32.82
Thu Jan 31 21:05:18 2013: Bounds too large: 1.63, 17.22
Thu Jan 31 21:05:23 2013: Bounds too large: 1.63, 9.42
Thu Jan 31 21:05:31 2013: Bounds too large: 1.63, 5.52
Thu Jan 31 21:05:36 2013: Bounds too large: 1.63, 3.57
Thu Jan 31 21:05:43 2013: Bounds too large: 1.63, 2.6
Thu Jan 31 21:05:48 2013: Bounds too large: 1.63, 2.11
Thu Jan 31 21:05:52 2013: search successful, bounds 1.63, 1.87
Thu Jan 31 21:05:52 2013: extracted 73 springs, 568 total
Thu Jan 31 21:06:00 2013: Bounds too large: 1.88, 1000
Thu Jan 31 21:06:07 2013: Bounds too large: 1.88, 500.94
Thu Jan 31 21:06:12 2013: Bounds too large: 1.88, 251.41
Thu Jan 31 21:06:19 2013: Bounds too large: 1.88, 126.64
Thu Jan 31 21:06:25 2013: Bounds too large: 1.88, 64.25
Thu Jan 31 21:06:33 2013: Bounds too large: 1.88, 33.06
Thu Jan 31 21:06:42 2013: Bounds too large: 1.88, 17.47
Thu Jan 31 21:06:48 2013: Bounds too large: 1.88, 9.67
Thu Jan 31 21:06:53 2013: Bounds too large: 1.88, 5.77
Thu Jan 31 21:07:00 2013: Bounds too large: 1.88, 3.82
Thu Jan 31 21:07:05 2013: Bounds too large: 1.88, 2.85
Thu Jan 31 21:07:12 2013: Bounds too large: 1.88, 2.36
Thu Jan 31 21:07:26 2013: search successful, bounds 1.88, 2.12
Thu Jan 31 21:07:26 2013: extracted 68 springs, 636 total
Thu Jan 31 21:07:32 2013: Bounds too large: 2.13, 1000
Thu Jan 31 21:07:37 2013: Bounds too large: 2.13, 501.06
Thu Jan 31 21:07:42 2013: Bounds too large: 2.13, 251.59
Thu Jan 31 21:07:49 2013: Bounds too large: 2.13, 126.86
Thu Jan 31 21:07:54 2013: Bounds too large: 2.13, 64.49
Thu Jan 31 21:08:01 2013: Bounds too large: 2.13, 33.31
Thu Jan 31 21:08:12 2013: Bounds too large: 2.13, 17.72
Thu Jan 31 21:08:17 2013: Bounds too large: 2.13, 9.92
Thu Jan 31 21:08:25 2013: Bounds too large: 2.13, 6.02
Thu Jan 31 21:08:33 2013: Bounds too large: 2.13, 4.07
Thu Jan 31 21:08:48 2013: Bounds too large: 2.13, 3.1
Thu Jan 31 21:08:54 2013: Bounds too large: 2.13, 2.61
Thu Jan 31 21:09:00 2013: search successful, bounds 2.13, 2.37
Thu Jan 31 21:09:00 2013: extracted 63 springs, 699 total
Thu Jan 31 21:09:05 2013: Bounds too large: 2.38, 1000
Thu Jan 31 21:09:11 2013: Bounds too large: 2.38, 501.19
Thu Jan 31 21:09:16 2013: Bounds too large: 2.38, 251.78
Thu Jan 31 21:09:25 2013: Bounds too large: 2.38, 127.08
Thu Jan 31 21:09:33 2013: Bounds too large: 2.38, 64.72
Thu Jan 31 21:09:42 2013: Bounds too large: 2.38, 33.54
Thu Jan 31 21:09:48 2013: Bounds too large: 2.38, 17.96
Thu Jan 31 21:09:59 2013: Bounds too large: 2.38, 10.17
Thu Jan 31 21:10:05 2013: Bounds too large: 2.38, 6.27
Thu Jan 31 21:10:12 2013: Bounds too large: 2.38, 4.32
Thu Jan 31 21:10:18 2013: Bounds too large: 2.38, 3.35
Thu Jan 31 21:10:25 2013: Bounds too large: 2.38, 2.86
Thu Jan 31 21:10:38 2013: search successful, bounds 2.38, 2.62
Thu Jan 31 21:10:38 2013: extracted 99 springs, 798 total
Thu Jan 31 21:10:45 2013: Bounds too large: 2.63, 1000
Thu Jan 31 21:10:52 2013: Bounds too large: 2.63, 501.31
Thu Jan 31 21:10:56 2013: Bounds too large: 2.63, 251.97
Thu Jan 31 21:11:04 2013: Bounds too large: 2.63, 127.3
Thu Jan 31 21:11:10 2013: Bounds too large: 2.63, 64.96
Thu Jan 31 21:11:17 2013: Bounds too large: 2.63, 33.79
Thu Jan 31 21:11:22 2013: Bounds too large: 2.63, 18.21
Thu Jan 31 21:11:32 2013: Bounds too large: 2.63, 10.42
Thu Jan 31 21:11:39 2013: Bounds too large: 2.63, 6.52
Thu Jan 31 21:11:50 2013: Bounds too large: 2.63, 4.57
Thu Jan 31 21:12:02 2013: Bounds too large: 2.63, 3.6
Thu Jan 31 21:12:08 2013: Bounds too large: 2.63, 3.11
Thu Jan 31 21:12:15 2013: search successful, bounds 2.63, 2.87
Thu Jan 31 21:12:15 2013: extracted 54 springs, 852 total
Thu Jan 31 21:12:19 2013: Bounds too large: 2.88, 1000
Thu Jan 31 21:12:28 2013: Bounds too large: 2.88, 501.44
Thu Jan 31 21:12:36 2013: Bounds too large: 2.88, 252.16
Thu Jan 31 21:12:44 2013: Bounds too large: 2.88, 127.52
Thu Jan 31 21:12:55 2013: Bounds too large: 2.88, 65.19
Thu Jan 31 21:13:03 2013: Bounds too large: 2.88, 34.03
Thu Jan 31 21:13:12 2013: Bounds too large: 2.88, 18.45
Thu Jan 31 21:13:21 2013: Bounds too large: 2.88, 10.66
Thu Jan 31 21:13:28 2013: Bounds too large: 2.88, 6.77
Thu Jan 31 21:13:34 2013: Bounds too large: 2.88, 4.82
Thu Jan 31 21:13:40 2013: Bounds too large: 2.88, 3.85
Thu Jan 31 21:13:45 2013: Bounds too large: 2.88, 3.36
Thu Jan 31 21:13:51 2013: search successful, bounds 2.88, 3.12
Thu Jan 31 21:13:51 2013: extracted 81 springs, 933 total
Thu Jan 31 21:13:58 2013: Bounds too large: 3.13, 1000
Thu Jan 31 21:14:04 2013: Bounds too large: 3.13, 501.56
Thu Jan 31 21:14:11 2013: Bounds too large: 3.13, 252.34
Thu Jan 31 21:14:17 2013: Bounds too large: 3.13, 127.73
Thu Jan 31 21:14:23 2013: Bounds too large: 3.13, 65.43
Thu Jan 31 21:14:29 2013: Bounds too large: 3.13, 34.28
Thu Jan 31 21:14:37 2013: Bounds too large: 3.13, 18.7
Thu Jan 31 21:14:47 2013: Bounds too large: 3.13, 10.91
Thu Jan 31 21:14:53 2013: Bounds too large: 3.13, 7.02
Thu Jan 31 21:15:00 2013: Bounds too large: 3.13, 5.07
Thu Jan 31 21:15:05 2013: Bounds too large: 3.13, 4.09
Thu Jan 31 21:15:11 2013: Bounds too large: 3.13, 3.61
Thu Jan 31 21:15:16 2013: search successful, bounds 3.13, 3.37
Thu Jan 31 21:15:16 2013: extracted 66 springs, 999 total
Thu Jan 31 21:15:22 2013: Bounds too large: 3.38, 1000
Thu Jan 31 21:15:37 2013: Bounds too large: 3.38, 501.69
Thu Jan 31 21:15:43 2013: Bounds too large: 3.38, 252.53
Thu Jan 31 21:15:49 2013: Bounds too large: 3.38, 127.95
Thu Jan 31 21:15:57 2013: Bounds too large: 3.38, 65.66
Thu Jan 31 21:16:03 2013: Bounds too large: 3.38, 34.51
Thu Jan 31 21:16:09 2013: Bounds too large: 3.38, 18.94
Thu Jan 31 21:16:19 2013: Bounds too large: 3.38, 11.16
Thu Jan 31 21:16:26 2013: Bounds too large: 3.38, 7.27
Thu Jan 31 21:16:37 2013: Bounds too large: 3.38, 5.32
Thu Jan 31 21:16:50 2013: Bounds too large: 3.38, 4.34
Thu Jan 31 21:16:59 2013: Bounds too large: 3.38, 3.86
Thu Jan 31 21:17:07 2013: Bounds too large: 3.38, 3.62
Thu Jan 31 21:17:13 2013: search successful, bounds 3.38, 3.5
Thu Jan 31 21:17:13 2013: extracted 70 springs, 1069 total
Thu Jan 31 21:17:20 2013: Bounds too large: 3.51, 1000
Thu Jan 31 21:17:27 2013: Bounds too large: 3.51, 501.75
Thu Jan 31 21:17:35 2013: Bounds too large: 3.51, 252.63
Thu Jan 31 21:17:44 2013: Bounds too large: 3.51, 128.07
Thu Jan 31 21:17:51 2013: Bounds too large: 3.51, 65.78
Thu Jan 31 21:18:03 2013: Bounds too large: 3.51, 34.64
Thu Jan 31 21:18:10 2013: Bounds too large: 3.51, 19.07
Thu Jan 31 21:18:15 2013: Bounds too large: 3.51, 11.29
Thu Jan 31 21:18:20 2013: Bounds too large: 3.51, 7.4
Thu Jan 31 21:18:27 2013: Bounds too large: 3.51, 5.45
Thu Jan 31 21:18:43 2013: Bounds too large: 3.51, 4.48
Thu Jan 31 21:18:50 2013: search successful, bounds 3.51, 3.99
Thu Jan 31 21:18:50 2013: extracted 92 springs, 1161 total
Thu Jan 31 21:18:55 2013: Bounds too large: 4.0, 1000
Thu Jan 31 21:19:01 2013: Bounds too large: 4.0, 502.0
Thu Jan 31 21:19:11 2013: Bounds too large: 4.0, 253.0
Thu Jan 31 21:19:16 2013: Bounds too large: 4.0, 128.5
Thu Jan 31 21:19:22 2013: Bounds too large: 4.0, 66.25
Thu Jan 31 21:19:30 2013: Bounds too large: 4.0, 35.12
Thu Jan 31 21:19:40 2013: Bounds too large: 4.0, 19.55
Thu Jan 31 21:19:45 2013: Bounds too large: 4.0, 11.77
Thu Jan 31 21:19:52 2013: Bounds too large: 4.0, 7.88
Thu Jan 31 21:19:58 2013: Bounds too large: 4.0, 5.94
Thu Jan 31 21:20:04 2013: Bounds too large: 4.0, 4.97
Thu Jan 31 21:20:09 2013: Bounds too large: 4.0, 4.48
Thu Jan 31 21:20:15 2013: search successful, bounds 4.0, 4.24
Thu Jan 31 21:20:15 2013: extracted 80 springs, 1241 total
Thu Jan 31 21:20:29 2013: Bounds too large: 4.25, 1000
Thu Jan 31 21:20:38 2013: Bounds too large: 4.25, 502.12
Thu Jan 31 21:20:43 2013: Bounds too large: 4.25, 253.18
Thu Jan 31 21:20:47 2013: Bounds too large: 4.25, 128.71
Thu Jan 31 21:20:52 2013: Bounds too large: 4.25, 66.48
Thu Jan 31 21:21:00 2013: Bounds too large: 4.25, 35.36
Thu Jan 31 21:21:08 2013: Bounds too large: 4.25, 19.8
Thu Jan 31 21:21:17 2013: Bounds too large: 4.25, 12.02
Thu Jan 31 21:21:28 2013: Bounds too large: 4.25, 8.13
Thu Jan 31 21:21:35 2013: Bounds too large: 4.25, 6.19
Thu Jan 31 21:21:45 2013: Bounds too large: 4.25, 5.22
Thu Jan 31 21:21:52 2013: Bounds too large: 4.25, 4.73
Thu Jan 31 21:21:58 2013: search successful, bounds 4.25, 4.49
Thu Jan 31 21:21:58 2013: extracted 59 springs, 1300 total
Thu Jan 31 21:22:14 2013: Bounds too large: 4.5, 1000
Thu Jan 31 21:22:20 2013: Bounds too large: 4.5, 502.25
Thu Jan 31 21:22:27 2013: Bounds too large: 4.5, 253.37
Thu Jan 31 21:22:35 2013: Bounds too large: 4.5, 128.93
Thu Jan 31 21:22:45 2013: Bounds too large: 4.5, 66.71
Thu Jan 31 21:22:49 2013: Bounds too large: 4.5, 35.6
Thu Jan 31 21:22:55 2013: Bounds too large: 4.5, 20.05
Thu Jan 31 21:23:03 2013: Bounds too large: 4.5, 12.27
Thu Jan 31 21:23:08 2013: Bounds too large: 4.5, 8.38
Thu Jan 31 21:23:13 2013: Bounds too large: 4.5, 6.44
Thu Jan 31 21:23:19 2013: Bounds too large: 4.5, 5.47
Thu Jan 31 21:23:23 2013: Bounds too large: 4.5, 4.98
Thu Jan 31 21:23:28 2013: search successful, bounds 4.5, 4.74
Thu Jan 31 21:23:28 2013: extracted 75 springs, 1375 total
Thu Jan 31 21:23:33 2013: Bounds too large: 4.75, 1000
Thu Jan 31 21:23:39 2013: Bounds too large: 4.75, 502.37
Thu Jan 31 21:23:45 2013: Bounds too large: 4.75, 253.56
Thu Jan 31 21:23:51 2013: Bounds too large: 4.75, 129.15
Thu Jan 31 21:23:57 2013: Bounds too large: 4.75, 66.95
Thu Jan 31 21:24:03 2013: Bounds too large: 4.75, 35.85
Thu Jan 31 21:24:09 2013: Bounds too large: 4.75, 20.3
Thu Jan 31 21:24:15 2013: Bounds too large: 4.75, 12.52
Thu Jan 31 21:24:19 2013: Bounds too large: 4.75, 8.63
Thu Jan 31 21:24:25 2013: Bounds too large: 4.75, 6.69
Thu Jan 31 21:24:29 2013: Bounds too large: 4.75, 5.72
Thu Jan 31 21:24:37 2013: Bounds too large: 4.75, 5.23
Thu Jan 31 21:24:41 2013: search successful, bounds 4.75, 4.99
Thu Jan 31 21:24:41 2013: extracted 53 springs, 1428 total
Thu Jan 31 21:24:48 2013: Bounds too large: 5.0, 1000
Thu Jan 31 21:24:57 2013: Bounds too large: 5.0, 502.5
Thu Jan 31 21:25:06 2013: Bounds too large: 5.0, 253.75
Thu Jan 31 21:25:11 2013: Bounds too large: 5.0, 129.37
Thu Jan 31 21:25:17 2013: Bounds too large: 5.0, 67.18
Thu Jan 31 21:25:24 2013: Bounds too large: 5.0, 36.09
Thu Jan 31 21:25:29 2013: Bounds too large: 5.0, 20.54
Thu Jan 31 21:25:35 2013: Bounds too large: 5.0, 12.77
Thu Jan 31 21:25:42 2013: Bounds too large: 5.0, 8.88
Thu Jan 31 21:25:48 2013: Bounds too large: 5.0, 6.94
Thu Jan 31 21:25:53 2013: Bounds too large: 5.0, 5.97
Thu Jan 31 21:26:03 2013: Bounds too large: 5.0, 5.48
Thu Jan 31 21:26:08 2013: search successful, bounds 5.0, 5.24
Thu Jan 31 21:26:08 2013: extracted 62 springs, 1490 total
Thu Jan 31 21:26:14 2013: Bounds too large: 5.25, 1000
Thu Jan 31 21:26:19 2013: Bounds too large: 5.25, 502.62
Thu Jan 31 21:26:24 2013: Bounds too large: 5.25, 253.93
Thu Jan 31 21:26:31 2013: Bounds too large: 5.25, 129.59
Thu Jan 31 21:26:38 2013: Bounds too large: 5.25, 67.42
Thu Jan 31 21:26:43 2013: Bounds too large: 5.25, 36.33
Thu Jan 31 21:26:48 2013: Bounds too large: 5.25, 20.79
Thu Jan 31 21:26:53 2013: Bounds too large: 5.25, 13.02
Thu Jan 31 21:26:59 2013: Bounds too large: 5.25, 9.13
Thu Jan 31 21:27:03 2013: Bounds too large: 5.25, 7.19
Thu Jan 31 21:27:08 2013: Bounds too large: 5.25, 6.22
Thu Jan 31 21:27:17 2013: Bounds too large: 5.25, 5.73
Thu Jan 31 21:27:22 2013: search successful, bounds 5.25, 5.49
Thu Jan 31 21:27:22 2013: extracted 85 springs, 1575 total
Thu Jan 31 21:27:29 2013: Bounds too large: 5.5, 1000
Thu Jan 31 21:27:37 2013: Bounds too large: 5.5, 502.75
Thu Jan 31 21:27:44 2013: Bounds too large: 5.5, 254.12
Thu Jan 31 21:27:54 2013: Bounds too large: 5.5, 129.81
Thu Jan 31 21:27:59 2013: Bounds too large: 5.5, 67.65
Thu Jan 31 21:28:04 2013: Bounds too large: 5.5, 36.57
Thu Jan 31 21:28:10 2013: Bounds too large: 5.5, 21.03
Thu Jan 31 21:28:16 2013: Bounds too large: 5.5, 13.26
Thu Jan 31 21:28:24 2013: Bounds too large: 5.5, 9.37
Thu Jan 31 21:28:30 2013: Bounds too large: 5.5, 7.43
Thu Jan 31 21:28:36 2013: Bounds too large: 5.5, 6.46
Thu Jan 31 21:28:44 2013: search successful, bounds 5.5, 5.98
Thu Jan 31 21:28:44 2013: extracted 59 springs, 1634 total
Thu Jan 31 21:28:49 2013: Bounds too large: 5.99, 1000
Thu Jan 31 21:28:55 2013: Bounds too large: 5.99, 502.99
Thu Jan 31 21:29:05 2013: Bounds too large: 5.99, 254.49
Thu Jan 31 21:29:13 2013: Bounds too large: 5.99, 130.24
Thu Jan 31 21:29:19 2013: Bounds too large: 5.99, 68.11
Thu Jan 31 21:29:26 2013: Bounds too large: 5.99, 37.04
Thu Jan 31 21:29:33 2013: Bounds too large: 5.99, 21.51
Thu Jan 31 21:29:42 2013: Bounds too large: 5.99, 13.75
Thu Jan 31 21:29:47 2013: Bounds too large: 5.99, 9.87
Thu Jan 31 21:30:03 2013: Bounds too large: 5.99, 7.93
Thu Jan 31 21:30:18 2013: Bounds too large: 5.99, 6.96
Thu Jan 31 21:30:31 2013: Bounds too large: 5.99, 6.47
Thu Jan 31 21:30:38 2013: search successful, bounds 5.99, 6.23
Thu Jan 31 21:30:38 2013: extracted 77 springs, 1711 total
Thu Jan 31 21:30:47 2013: Bounds too large: 6.24, 1000
Thu Jan 31 21:30:57 2013: Bounds too large: 6.24, 503.12
Thu Jan 31 21:31:03 2013: Bounds too large: 6.24, 254.68
Thu Jan 31 21:31:08 2013: Bounds too large: 6.24, 130.46
Thu Jan 31 21:31:17 2013: Bounds too large: 6.24, 68.34
Thu Jan 31 21:31:23 2013: Bounds too large: 6.24, 37.29
Thu Jan 31 21:31:28 2013: Bounds too large: 6.24, 21.76
Thu Jan 31 21:31:34 2013: Bounds too large: 6.24, 14.0
Thu Jan 31 21:31:40 2013: Bounds too large: 6.24, 10.12
Thu Jan 31 21:31:48 2013: Bounds too large: 6.24, 8.18
Thu Jan 31 21:31:54 2013: Bounds too large: 6.24, 7.21
Thu Jan 31 21:31:59 2013: Bounds too large: 6.24, 6.72
Thu Jan 31 21:32:03 2013: search successful, bounds 6.24, 6.48
Thu Jan 31 21:32:03 2013: extracted 30 springs, 1741 total
Thu Jan 31 21:32:09 2013: Bounds too large: 6.49, 1000
Thu Jan 31 21:32:13 2013: Bounds too large: 6.49, 503.24
Thu Jan 31 21:32:18 2013: Bounds too large: 6.49, 254.86
Thu Jan 31 21:32:24 2013: Bounds too large: 6.49, 130.67
Thu Jan 31 21:32:30 2013: Bounds too large: 6.49, 68.57
Thu Jan 31 21:32:45 2013: Bounds too large: 6.49, 37.53
Thu Jan 31 21:32:56 2013: Bounds too large: 6.49, 22.01
Thu Jan 31 21:33:06 2013: Bounds too large: 6.49, 14.25
Thu Jan 31 21:33:12 2013: Bounds too large: 6.49, 10.37
Thu Jan 31 21:33:17 2013: Bounds too large: 6.49, 8.43
Thu Jan 31 21:33:25 2013: Bounds too large: 6.49, 7.46
Thu Jan 31 21:33:33 2013: Bounds too large: 6.49, 6.97
Thu Jan 31 21:33:39 2013: Bounds too large: 6.49, 6.73
Thu Jan 31 21:33:48 2013: search successful, bounds 6.49, 6.61
Thu Jan 31 21:33:48 2013: extracted 89 springs, 1830 total
Thu Jan 31 21:33:54 2013: Bounds too large: 6.62, 1000
Thu Jan 31 21:34:02 2013: Bounds too large: 6.62, 503.31
Thu Jan 31 21:34:10 2013: Bounds too large: 6.62, 254.96
Thu Jan 31 21:34:15 2013: Bounds too large: 6.62, 130.79
Thu Jan 31 21:34:20 2013: Bounds too large: 6.62, 68.7
Thu Jan 31 21:34:31 2013: Bounds too large: 6.62, 37.65
Thu Jan 31 21:34:41 2013: Bounds too large: 6.62, 22.13
Thu Jan 31 21:34:46 2013: Bounds too large: 6.62, 14.37
Thu Jan 31 21:34:53 2013: Bounds too large: 6.62, 10.49
Thu Jan 31 21:35:01 2013: Bounds too large: 6.62, 8.55
Thu Jan 31 21:35:09 2013: Bounds too large: 6.62, 7.58
Thu Jan 31 21:35:14 2013: search successful, bounds 6.62, 7.1
Thu Jan 31 21:35:14 2013: extracted 60 springs, 1890 total
Thu Jan 31 21:35:20 2013: Bounds too large: 7.11, 1000
Thu Jan 31 21:35:29 2013: Bounds too large: 7.11, 503.55
Thu Jan 31 21:35:34 2013: Bounds too large: 7.11, 255.33
Thu Jan 31 21:35:42 2013: Bounds too large: 7.11, 131.22
Thu Jan 31 21:35:46 2013: Bounds too large: 7.11, 69.16
Thu Jan 31 21:35:52 2013: Bounds too large: 7.11, 38.13
Thu Jan 31 21:35:57 2013: Bounds too large: 7.11, 22.62
Thu Jan 31 21:36:02 2013: Bounds too large: 7.11, 14.86
Thu Jan 31 21:36:07 2013: Bounds too large: 7.11, 10.98
Thu Jan 31 21:36:12 2013: Bounds too large: 7.11, 9.04
Thu Jan 31 21:36:17 2013: Bounds too large: 7.11, 8.07
Thu Jan 31 21:36:20 2013: search successful, bounds 7.11, 7.59
Thu Jan 31 21:36:20 2013: extracted 51 springs, 1941 total
Thu Jan 31 21:36:27 2013: Bounds too large: 7.6, 1000
Thu Jan 31 21:36:35 2013: Bounds too large: 7.6, 503.8
Thu Jan 31 21:36:43 2013: Bounds too large: 7.6, 255.7
Thu Jan 31 21:36:48 2013: Bounds too large: 7.6, 131.64
Thu Jan 31 21:36:53 2013: Bounds too large: 7.6, 69.61
Thu Jan 31 21:36:59 2013: Bounds too large: 7.6, 38.6
Thu Jan 31 21:37:05 2013: Bounds too large: 7.6, 23.1
Thu Jan 31 21:37:13 2013: Bounds too large: 7.6, 15.35
Thu Jan 31 21:37:18 2013: Bounds too large: 7.6, 11.47
Thu Jan 31 21:37:25 2013: Bounds too large: 7.6, 9.53
Thu Jan 31 21:37:31 2013: Bounds too large: 7.6, 8.56
Thu Jan 31 21:37:37 2013: Bounds too large: 7.6, 8.08
Thu Jan 31 21:37:44 2013: search successful, bounds 7.6, 7.84
Thu Jan 31 21:37:44 2013: extracted 76 springs, 2017 total
Thu Jan 31 21:37:49 2013: Bounds too large: 7.85, 1000
Thu Jan 31 21:37:58 2013: Bounds too large: 7.85, 503.92
Thu Jan 31 21:38:07 2013: Bounds too large: 7.85, 255.88
Thu Jan 31 21:38:13 2013: Bounds too large: 7.85, 131.86
Thu Jan 31 21:38:18 2013: Bounds too large: 7.85, 69.85
Thu Jan 31 21:38:22 2013: Bounds too large: 7.85, 38.84
Thu Jan 31 21:38:27 2013: Bounds too large: 7.85, 23.34
Thu Jan 31 21:38:34 2013: Bounds too large: 7.85, 15.59
Thu Jan 31 21:38:41 2013: Bounds too large: 7.85, 11.72
Thu Jan 31 21:38:48 2013: Bounds too large: 7.85, 9.78
Thu Jan 31 21:38:57 2013: Bounds too large: 7.85, 8.81
Thu Jan 31 21:39:02 2013: search successful, bounds 7.85, 8.33
Thu Jan 31 21:39:03 2013: extracted 96 springs, 2113 total
Thu Jan 31 21:39:09 2013: Bounds too large: 8.34, 1000
Thu Jan 31 21:39:18 2013: Bounds too large: 8.34, 504.17
Thu Jan 31 21:39:23 2013: Bounds too large: 8.34, 256.25
Thu Jan 31 21:39:36 2013: Bounds too large: 8.34, 132.29
Thu Jan 31 21:39:51 2013: Bounds too large: 8.34, 70.31
Thu Jan 31 21:40:04 2013: Bounds too large: 8.34, 39.32
Thu Jan 31 21:40:09 2013: Bounds too large: 8.34, 23.83
Thu Jan 31 21:40:14 2013: Bounds too large: 8.34, 16.08
Thu Jan 31 21:40:18 2013: Bounds too large: 8.34, 12.21
Thu Jan 31 21:40:26 2013: Bounds too large: 8.34, 10.27
Thu Jan 31 21:40:31 2013: Bounds too large: 8.34, 9.3
Thu Jan 31 21:40:39 2013: search successful, bounds 8.34, 8.82
Thu Jan 31 21:40:39 2013: extracted 72 springs, 2185 total
Thu Jan 31 21:40:43 2013: Bounds too large: 8.83, 1000
Thu Jan 31 21:40:50 2013: Bounds too large: 8.83, 504.41
Thu Jan 31 21:40:55 2013: Bounds too large: 8.83, 256.62
Thu Jan 31 21:41:04 2013: Bounds too large: 8.83, 132.72
Thu Jan 31 21:41:10 2013: Bounds too large: 8.83, 70.77
Thu Jan 31 21:41:16 2013: Bounds too large: 8.83, 39.79
Thu Jan 31 21:41:23 2013: Bounds too large: 8.83, 24.31
Thu Jan 31 21:41:28 2013: Bounds too large: 8.83, 16.57
Thu Jan 31 21:41:34 2013: Bounds too large: 8.83, 12.7
Thu Jan 31 21:41:40 2013: Bounds too large: 8.83, 10.76
Thu Jan 31 21:41:44 2013: search successful, bounds 8.83, 9.79
Thu Jan 31 21:41:44 2013: extracted 83 springs, 2268 total
Thu Jan 31 21:41:52 2013: Bounds too large: 9.8, 1000
Thu Jan 31 21:41:59 2013: Bounds too large: 9.8, 504.9
Thu Jan 31 21:42:04 2013: Bounds too large: 9.8, 257.35
Thu Jan 31 21:42:10 2013: Bounds too large: 9.8, 133.57
Thu Jan 31 21:42:22 2013: Bounds too large: 9.8, 71.68
Thu Jan 31 21:42:30 2013: Bounds too large: 9.8, 40.74
Thu Jan 31 21:42:38 2013: Bounds too large: 9.8, 25.27
Thu Jan 31 21:42:45 2013: Bounds too large: 9.8, 17.53
Thu Jan 31 21:42:58 2013: Bounds too large: 9.8, 13.66
Thu Jan 31 21:43:06 2013: Bounds too large: 9.8, 11.73
Thu Jan 31 21:43:12 2013: Bounds too large: 9.8, 10.76
Thu Jan 31 21:43:19 2013: Bounds too large: 9.8, 10.28
Thu Jan 31 21:43:24 2013: Bounds too large: 9.8, 10.03
Thu Jan 31 21:43:27 2013: search successful, bounds 9.8, 9.91
Thu Jan 31 21:43:27 2013: extracted 49 springs, 2317 total
Thu Jan 31 21:43:34 2013: Bounds too large: 9.92, 1000
Thu Jan 31 21:43:40 2013: Bounds too large: 9.92, 504.96
Thu Jan 31 21:43:48 2013: Bounds too large: 9.92, 257.44
Thu Jan 31 21:44:01 2013: Bounds too large: 9.92, 133.68
Thu Jan 31 21:44:07 2013: Bounds too large: 9.92, 71.8
Thu Jan 31 21:44:13 2013: Bounds too large: 9.92, 40.86
Thu Jan 31 21:44:20 2013: Bounds too large: 9.92, 25.39
Thu Jan 31 21:44:28 2013: Bounds too large: 9.92, 17.65
Thu Jan 31 21:44:39 2013: Bounds too large: 9.92, 13.78
Thu Jan 31 21:44:46 2013: Bounds too large: 9.92, 11.85
Thu Jan 31 21:44:52 2013: search successful, bounds 9.92, 10.88
Thu Jan 31 21:44:52 2013: extracted 85 springs, 2402 total
Thu Jan 31 21:44:58 2013: Bounds too large: 10.89, 1000
Thu Jan 31 21:45:03 2013: Bounds too large: 10.89, 505.44
Thu Jan 31 21:45:07 2013: Bounds too large: 10.89, 258.16
Thu Jan 31 21:45:12 2013: Bounds too large: 10.89, 134.52
Thu Jan 31 21:45:17 2013: Bounds too large: 10.89, 72.7
Thu Jan 31 21:45:24 2013: Bounds too large: 10.89, 41.79
Thu Jan 31 21:45:30 2013: Bounds too large: 10.89, 26.34
Thu Jan 31 21:45:37 2013: Bounds too large: 10.89, 18.61
Thu Jan 31 21:45:41 2013: Bounds too large: 10.89, 14.75
Thu Jan 31 21:45:46 2013: Bounds too large: 10.89, 12.82
Thu Jan 31 21:45:51 2013: Bounds too large: 10.89, 11.85
Thu Jan 31 21:46:14 2013: Bounds too large: 10.89, 11.37
Thu Jan 31 21:46:19 2013: Bounds too large: 10.89, 11.13
Thu Jan 31 21:46:25 2013: Bounds too large: 10.89, 11.01
Thu Jan 31 21:46:28 2013: search successful, bounds 10.89, 10.95
Thu Jan 31 22:07:27 2013: Bounds too large: 10.89, 11.13
Thu Jan 31 22:07:33 2013: Bounds too large: 10.89, 11.01
Thu Jan 31 22:07:35 2013: search successful, bounds 10.89, 10.95
Thu Jan 31 22:07:35 2013: extracted 0 springs, 0 total
Thu Jan 31 22:07:41 2013: Bounds too large: 10.96, 11.56
Thu Jan 31 22:07:45 2013: Bounds too large: 10.96, 11.25
Thu Jan 31 22:07:51 2013: Bounds too large: 10.96, 11.1
Thu Jan 31 22:07:55 2013: Bounds too large: 10.96, 11.03
Thu Jan 31 22:07:58 2013: search successful, bounds 10.96, 10.99
Thu Jan 31 22:07:58 2013: extracted 0 springs, 0 total
Thu Jan 31 22:08:08 2013: Bounds too large: 11.0, 11.3
Thu Jan 31 22:08:14 2013: Bounds too large: 11.0, 11.15
Thu Jan 31 22:08:18 2013: Bounds too large: 11.0, 11.07
Thu Jan 31 22:08:25 2013: Bounds too large: 11.0, 11.03
Thu Jan 31 22:08:29 2013: Bounds too large: 11.0, 11.01
Thu Jan 31 22:08:29 2013: unable to slice results, aborting
Thu Jan 31 22:16:22 2013: Cannot slice, taking top 100 at 11.0, 11.15
Thu Jan 31 22:16:22 2013: extracted 100 springs, 2502 total
Thu Jan 31 22:16:28 2013: Bounds too large: 11.16, 12.66
Thu Jan 31 22:16:30 2013: search successful, bounds 11.16, 11.91
Thu Jan 31 22:16:30 2013: extracted 0 springs, 2502 total
Thu Jan 31 22:16:37 2013: Bounds too large: 11.92, 19.42
Thu Jan 31 22:16:43 2013: Bounds too large: 11.92, 15.67
Thu Jan 31 22:16:50 2013: Bounds too large: 11.92, 13.79
Thu Jan 31 22:16:54 2013: Bounds too large: 11.92, 12.85
Thu Jan 31 22:16:59 2013: Bounds too large: 11.92, 12.38
Thu Jan 31 22:17:05 2013: Bounds too large: 11.92, 12.15
Thu Jan 31 22:17:12 2013: Cannot slice, taking top 100 at 11.92, 12.03
Thu Jan 31 22:17:12 2013: extracted 100 springs, 2602 total
Thu Jan 31 22:17:18 2013: search successful, bounds 12.04, 13.14
Thu Jan 31 22:17:18 2013: extracted 77 springs, 2679 total
Thu Jan 31 22:17:22 2013: Bounds too large: 13.15, 24.15
Thu Jan 31 22:17:27 2013: Bounds too large: 13.15, 18.64
Thu Jan 31 22:17:32 2013: Bounds too large: 13.15, 15.89
Thu Jan 31 22:17:38 2013: search successful, bounds 13.15, 14.51
Thu Jan 31 22:17:38 2013: extracted 62 springs, 2741 total
Thu Jan 31 22:17:42 2013: Bounds too large: 14.52, 28.12
Thu Jan 31 22:17:46 2013: Bounds too large: 14.52, 21.32
Thu Jan 31 22:17:51 2013: Bounds too large: 14.52, 17.92
Thu Jan 31 22:17:56 2013: Bounds too large: 14.52, 16.22
Thu Jan 31 22:18:02 2013: Bounds too large: 14.52, 15.37
Thu Jan 31 22:18:06 2013: search successful, bounds 14.52, 14.94
Thu Jan 31 22:18:06 2013: extracted 0 springs, 2741 total
Thu Jan 31 22:18:12 2013: Bounds too large: 14.95, 19.15
Thu Jan 31 22:18:18 2013: Bounds too large: 14.95, 17.04
Thu Jan 31 22:18:22 2013: Bounds too large: 14.95, 15.99
Thu Jan 31 22:18:28 2013: Bounds too large: 14.95, 15.47
Thu Jan 31 22:18:33 2013: Bounds too large: 14.95, 15.21
Thu Jan 31 22:18:40 2013: Cannot slice, taking top 100 at 14.95, 15.08
Thu Jan 31 22:18:40 2013: extracted 100 springs, 2841 total
Thu Jan 31 22:18:45 2013: search successful, bounds 15.09, 16.39
Thu Jan 31 22:18:45 2013: extracted 90 springs, 2931 total
Thu Jan 31 22:18:49 2013: Bounds too large: 16.4, 29.4
Thu Jan 31 22:18:57 2013: Bounds too large: 16.4, 22.9
Thu Jan 31 22:19:02 2013: Bounds too large: 16.4, 19.65
Thu Jan 31 22:19:05 2013: Bounds too large: 16.4, 18.02
Thu Jan 31 22:19:10 2013: search successful, bounds 16.4, 17.21
Thu Jan 31 22:19:10 2013: extracted 83 springs, 3014 total
Thu Jan 31 22:19:18 2013: Bounds too large: 17.22, 25.32
Thu Jan 31 22:19:21 2013: Bounds too large: 17.22, 21.26
Thu Jan 31 22:19:28 2013: Bounds too large: 17.22, 19.24
Thu Jan 31 22:19:33 2013: search successful, bounds 17.22, 18.23
Thu Jan 31 22:19:33 2013: extracted 43 springs, 3057 total
Thu Jan 31 22:19:36 2013: Bounds too large: 18.24, 28.34
Thu Jan 31 22:19:40 2013: Bounds too large: 18.24, 23.28
Thu Jan 31 22:19:47 2013: Bounds too large: 18.24, 20.76
Thu Jan 31 22:19:50 2013: search successful, bounds 18.24, 19.5
Thu Jan 31 22:19:51 2013: extracted 93 springs, 3150 total
Thu Jan 31 22:19:55 2013: Bounds too large: 19.51, 32.11
Thu Jan 31 22:19:58 2013: Bounds too large: 19.51, 25.8
Thu Jan 31 22:20:08 2013: Bounds too large: 19.51, 22.65
Thu Jan 31 22:20:13 2013: search successful, bounds 19.51, 21.08
Thu Jan 31 22:20:13 2013: extracted 66 springs, 3216 total
Thu Jan 31 22:20:18 2013: Bounds too large: 21.09, 36.79
Thu Jan 31 22:20:24 2013: Bounds too large: 21.09, 28.93
Thu Jan 31 22:20:28 2013: Bounds too large: 21.09, 25.01
Thu Jan 31 22:20:37 2013: Bounds too large: 21.09, 23.05
Thu Jan 31 22:20:41 2013: search successful, bounds 21.09, 22.07
Thu Jan 31 22:20:41 2013: extracted 60 springs, 3276 total
Thu Jan 31 22:20:46 2013: Bounds too large: 22.08, 31.88
Thu Jan 31 22:20:52 2013: Bounds too large: 22.08, 26.98
Thu Jan 31 22:21:01 2013: Bounds too large: 22.08, 24.53
Thu Jan 31 22:21:08 2013: search successful, bounds 22.08, 23.3
Thu Jan 31 22:21:08 2013: extracted 98 springs, 3374 total
Thu Jan 31 22:21:12 2013: Bounds too large: 23.31, 35.51
